0 info it worked if it ends with ok
1 verbose cli [ '/usr/local/bin/node', '/usr/local/bin/npm', 'run', 'build' ]
2 info using npm@3.6.0
3 info using node@v5.6.0
4 verbose run-script [ 'prebuild', 'build', 'postbuild' ]
5 info lifecycle package.json@1.0.0~prebuild: package.json@1.0.0
6 silly lifecycle package.json@1.0.0~prebuild: no script for prebuild, continuing
7 info lifecycle package.json@1.0.0~build: package.json@1.0.0
8 verbose lifecycle package.json@1.0.0~build: unsafe-perm in lifecycle true
9 verbose lifecycle package.json@1.0.0~build: PATH: /usr/local/lib/node_modules/npm/bin/node-gyp-bin:/Users/sharonrumsey/Documents/Udemy Courses/Understand Node/D10_MoreOnRequire/Starter/greet/node_modules/.bin:/usr/local/bin:/usr/bin:/bin:/usr/sbin:/sbin
10 verbose lifecycle package.json@1.0.0~build: CWD: /Users/sharonrumsey/Documents/Udemy Courses/Understand Node/D10_MoreOnRequire/Starter/greet
11 silly lifecycle package.json@1.0.0~build: Args: [ '-c', 'browserify app.js -o bundle.js' ]
12 silly lifecycle package.json@1.0.0~build: Returned: code: 1  signal: null
13 info lifecycle package.json@1.0.0~build: Failed to exec build script
14 verbose stack Error: package.json@1.0.0 build: `browserify app.js -o bundle.js`
14 verbose stack Exit status 1
14 verbose stack     at EventEmitter.<anonymous> (/usr/local/lib/node_modules/npm/lib/utils/lifecycle.js:232:16)
14 verbose stack     at emitTwo (events.js:100:13)
14 verbose stack     at EventEmitter.emit (events.js:185:7)
14 verbose stack     at ChildProcess.<anonymous> (/usr/local/lib/node_modules/npm/lib/utils/spawn.js:24:14)
14 verbose stack     at emitTwo (events.js:100:13)
14 verbose stack     at ChildProcess.emit (events.js:185:7)
14 verbose stack     at maybeClose (internal/child_process.js:827:16)
14 verbose stack     at Process.ChildProcess._handle.onexit (internal/child_process.js:211:5)
15 verbose pkgid package.json@1.0.0
16 verbose cwd /Users/sharonrumsey/Documents/Udemy Courses/Understand Node/D10_MoreOnRequire/Starter/greet
17 error Darwin 15.3.0
18 error argv "/usr/local/bin/node" "/usr/local/bin/npm" "run" "build"
19 error node v5.6.0
20 error npm  v3.6.0
21 error code ELIFECYCLE
22 error package.json@1.0.0 build: `browserify app.js -o bundle.js`
22 error Exit status 1
23 error Failed at the package.json@1.0.0 build script 'browserify app.js -o bundle.js'.
23 error Make sure you have the latest version of node.js and npm installed.
23 error If you do, this is most likely a problem with the package.json package,
23 error not with npm itself.
23 error Tell the author that this fails on your system:
23 error     browserify app.js -o bundle.js
23 error You can get information on how to open an issue for this project with:
23 error     npm bugs package.json
23 error Or if that isn't available, you can get their info via:
23 error     npm owner ls package.json
23 error There is likely additional logging output above.
24 verbose exit [ 1, true ]
